Base path: /Applications/Unity5.0.1/Unity.app/Contents
Pipe name: \\.\pipe\UnityShaderCompiler-64bit-4-429432832
Cmd: getPlatforms
Cmd: compileSnippet
  error: 2 plat 4 at (60): undeclared identifier 'TreeVertLeaf'\nCompiling Vertex program with DIRECTIONAL SHADOWS_OFF LIGHTMAP_OFF DIRLIGHTMAP_OFF DYNAMICLIGHTMAP_OFF
  api=4 type=0 insize=2105 outsize=0 kw=DIRECTIONAL SHADOWS_OFF LIGHTMAP_OFF DIRLIGHTMAP_OFF DYNAMICLIGHTMAP_OFF ok=0
Cmd: compileSnippet
  error: 2 plat 0 at (60): 'TreeVertLeaf' : no matching overloaded function found\nCompiling Vertex program with DIRECTIONAL SHADOWS_SCREEN LIGHTMAP_OFF DIRLIGHTMAP_OFF DYNAMICLIGHTMAP_OFF
  api=0 type=0 insize=2105 outsize=0 kw=DIRECTIONAL SHADOWS_SCREEN LIGHTMAP_OFF DIRLIGHTMAP_OFF DYNAMICLIGHTMAP_OFF ok=0
Cmd: compileSnippet
  error: 2 plat 8 at (60): undeclared identifier 'TreeVertLeaf'\nCompiling Vertex program with DIRECTIONAL SHADOWS_OFF LIGHTMAP_OFF DIRLIGHTMAP_OFF DYNAMICLIGHTMAP_OFF VERTEXLIGHT_ON
  api=8 type=0 insize=2105 outsize=0 kw=DIRECTIONAL SHADOWS_OFF LIGHTMAP_OFF DIRLIGHTMAP_OFF DYNAMICLIGHTMAP_OFF VERTEXLIGHT_ON ok=0
Cmd: compileSnippet
  error: 2 plat 8 at (60): undeclared identifier 'TreeVertLeaf'\nCompiling Vertex program with DIRECTIONAL SHADOWS_SCREEN SHADOWS_NATIVE LIGHTMAP_OFF DIRLIGHTMAP_OFF DYNAMICLIGHTMAP_OFF
  api=8 type=0 insize=2105 outsize=0 kw=DIRECTIONAL SHADOWS_SCREEN SHADOWS_NATIVE LIGHTMAP_OFF DIRLIGHTMAP_OFF DYNAMICLIGHTMAP_OFF ok=0
Cmd: compileSnippet
  error: 2 plat 1 at (60): undeclared identifier 'TreeVertLeaf'\nCompiling Fragment program with DIRECTIONAL SHADOWS_OFF LIGHTMAP_OFF DIRLIGHTMAP_OFF DYNAMICLIGHTMAP_OFF
  api=1 type=1 insize=2105 outsize=0 kw=DIRECTIONAL SHADOWS_OFF LIGHTMAP_OFF DIRLIGHTMAP_OFF DYNAMICLIGHTMAP_OFF ok=0
Cmd: compileSnippet
  error: 2 plat 1 at (39): undeclared identifier 'TreeVertLeaf'\nCompiling Vertex program with SHADOWS_DEPTH
  api=1 type=0 insize=1194 outsize=0 kw=SHADOWS_DEPTH ok=0
Cmd: compileSnippet
  error: 2 plat 0 at (40): 'TreeVertLeaf' : no matching overloaded function found\nCompiling Vertex program with SHADOWS_CUBE
  api=0 type=0 insize=1194 outsize=0 kw=SHADOWS_CUBE ok=0
Cmd: compileSnippet
  error: 2 plat 4 at (39): undeclared identifier 'TreeVertLeaf'\nCompiling Fragment program with SHADOWS_DEPTH
  api=4 type=1 insize=1194 outsize=0 kw=SHADOWS_DEPTH ok=0
Cmd: compileSnippet
  error: 2 plat 4 at (39): undeclared identifier 'TreeVertLeaf'\nCompiling Fragment program with SHADOWS_CUBE
  api=4 type=1 insize=1194 outsize=0 kw=SHADOWS_CUBE ok=0
Cmd: compileSnippet
  error: 2 plat 4 at (84): undeclared identifier 'TreeVertLeaf'\nCompiling Vertex program with SHADOWS_NATIVE
  api=4 type=0 insize=969 outsize=0 kw=SHADOWS_NATIVE ok=0
Cmd: compileSnippet
  error: 2 plat 0 at (84): 'TreeVertLeaf' : no matching overloaded function found\nCompiling Vertex program with SHADOWS_SPLIT_SPHERES SHADOWS_NATIVE
  api=0 type=0 insize=969 outsize=0 kw=SHADOWS_SPLIT_SPHERES SHADOWS_NATIVE ok=0
Cmd: compileSnippet
  error: 2 plat 8 at (84): undeclared identifier 'TreeVertLeaf'\nCompiling Vertex program with SHADOWS_NATIVE SHADOWS_SINGLE_CASCADE
  api=8 type=0 insize=969 outsize=0 kw=SHADOWS_NATIVE SHADOWS_SINGLE_CASCADE ok=0
Cmd: compileSnippet
  error: 2 plat 1 at (84): undeclared identifier 'TreeVertLeaf'\nCompiling Vertex program with SHADOWS_SPLIT_SPHERES SHADOWS_NATIVE SHADOWS_SINGLE_CASCADE
  api=1 type=0 insize=969 outsize=0 kw=SHADOWS_SPLIT_SPHERES SHADOWS_NATIVE SHADOWS_SINGLE_CASCADE ok=0
Cmd: compileSnippet
  error: 2 plat 1 at (84): undeclared identifier 'TreeVertLeaf'\nCompiling Fragment program with SHADOWS_NATIVE
  api=1 type=1 insize=969 outsize=0 kw=SHADOWS_NATIVE ok=0
Cmd: compileSnippet
  error: 2 plat 1 at (84): undeclared identifier 'TreeVertLeaf'\nCompiling Fragment program with SHADOWS_NATIVE SHADOWS_SINGLE_CASCADE
  api=1 type=1 insize=969 outsize=0 kw=SHADOWS_NATIVE SHADOWS_SINGLE_CASCADE ok=0
Cmd: compileSnippet
  error: 2 plat 8 at (84): undeclared identifier 'TreeVertLeaf'\nCompiling Fragment program with SHADOWS_SPLIT_SPHERES SHADOWS_NATIVE SHADOWS_SINGLE_CASCADE
  api=8 type=1 insize=969 outsize=0 kw=SHADOWS_SPLIT_SPHERES SHADOWS_NATIVE SHADOWS_SINGLE_CASCADE ok=0
End of pipe

Quitting shader compiler process
