Base path: /Applications/Unity/Unity.app/Contents
Pipe name: \\.\pipe\UnityShaderCompiler-2--1334083584
Cmd: getPlatforms
Cmd: compileSnippet
  api=0 type=0 insize=2105 outsize=4275 kw=DIRECTIONAL SHADOWS_SCREEN LIGHTMAP_OFF DIRLIGHTMAP_OFF VERTEXLIGHT_ON ok=1
Cmd: compileSnippet
  api=0 type=0 insize=1194 outsize=1731 kw=SHADOWS_CUBE ok=1
Cmd: compileSnippet
  api=0 type=0 insize=971 outsize=2268 kw=SHADOWS_SPLIT_SPHERES SHADOWS_NATIVE ok=1
Cmd: compileSnippet
  api=0 type=1 insize=971 outsize=1178 kw=SHADOWS_SPLIT_SPHERES SHADOWS_NONATIVE ok=1
Cmd: compileSnippet
  api=0 type=0 insize=5117 outsize=3732 kw=DIRECTIONAL SHADOWS_SCREEN LIGHTMAP_OFF DIRLIGHTMAP_OFF VERTEXLIGHT_ON ok=1
Cmd: compileSnippet
  api=0 type=0 insize=2201 outsize=1731 kw=SHADOWS_CUBE ok=1
Cmd: compileSnippet
  api=0 type=0 insize=2246 outsize=2268 kw=SHADOWS_SPLIT_SPHERES SHADOWS_NATIVE ok=1
Cmd: compileSnippet
  api=0 type=1 insize=2246 outsize=1187 kw=SHADOWS_SPLIT_SPHERES SHADOWS_NATIVE ok=1
Cmd: compileSnippet
  api=0 type=0 insize=5176 outsize=951 kw=DIRECTIONAL SHADOWS_OFF LIGHTMAP_ON DIRLIGHTMAP_ON ok=1
Cmd: compileSnippet
  api=0 type=1 insize=5176 outsize=375 kw=DIRECTIONAL SHADOWS_OFF LIGHTMAP_ON DIRLIGHTMAP_OFF ok=1
Cmd: compileSnippet
  api=0 type=1 insize=2786 outsize=1246 kw=POINT_COOKIE ok=1
Cmd: compileSnippet
  api=0 type=0 insize=4625 outsize=926 kw=LIGHTMAP_ON DIRLIGHTMAP_OFF HDR_LIGHT_PREPASS_OFF ok=1
Cmd: compileSnippet
  api=0 type=1 insize=4625 outsize=855 kw=LIGHTMAP_ON DIRLIGHTMAP_OFF HDR_LIGHT_PREPASS_OFF ok=1
Cmd: compileSnippet
  api=0 type=0 insize=5492 outsize=2214 kw=DIRECTIONAL SHADOWS_SCREEN LIGHTMAP_ON DIRLIGHTMAP_ON ok=1
Cmd: compileSnippet
  api=0 type=1 insize=5492 outsize=408 kw=DIRECTIONAL SHADOWS_OFF LIGHTMAP_ON DIRLIGHTMAP_OFF ok=1
Cmd: compileSnippet
  api=0 type=0 insize=4916 outsize=2211 kw=LIGHTMAP_ON DIRLIGHTMAP_ON HDR_LIGHT_PREPASS_OFF ok=1
Cmd: compileSnippet
  api=0 type=1 insize=4916 outsize=1594 kw=LIGHTMAP_ON DIRLIGHTMAP_ON HDR_LIGHT_PREPASS_OFF ok=1
Cmd: compileSnippet
  api=0 type=1 insize=2247 outsize=469 kw=SHADOWS_CUBE ok=1
Cmd: compileSnippet
  api=0 type=0 insize=2292 outsize=1790 kw=SHADOWS_SPLIT_SPHERES SHADOWS_NATIVE ok=1
Cmd: compileSnippet
  api=0 type=1 insize=2292 outsize=1225 kw=SHADOWS_SPLIT_SPHERES SHADOWS_NATIVE ok=1
End of pipe

Quitting shader compiler process
